[INFO] Scanning for projects...
[INFO] 
[INFO] ----------------------< com.quant:quant-platform >----------------------
[INFO] Building Quant Platform 1.0.0
[INFO]   from pom.xml
[INFO] --------------------------------[ jar ]---------------------------------
[INFO] 
[INFO] >>> spring-boot:3.2.3:run (default-cli) > test-compile @ quant-platform >>>
[INFO] 
[INFO] --- resources:3.3.1:resources (default-resources) @ quant-platform ---
[INFO] Copying 1 resource from src\main\resources to target\classes
[INFO] Copying 34 resources from src\main\resources to target\classes
[INFO] 
[INFO] --- compiler:3.11.0:compile (default-compile) @ quant-platform ---
[INFO] Nothing to compile - all classes are up to date
[INFO] 
[INFO] --- resources:3.3.1:testResources (default-testResources) @ quant-platform ---
[INFO] skip non existing resourceDirectory C:\Users\warning5\WorkBuddy\Claw\quant-platform\backend\src\test\resources
[INFO] 
[INFO] --- compiler:3.11.0:testCompile (default-testCompile) @ quant-platform ---
[INFO] Nothing to compile - all classes are up to date
[INFO] 
[INFO] <<< spring-boot:3.2.3:run (default-cli) < test-compile @ quant-platform <<<
[INFO] 
[INFO] 
[INFO] --- spring-boot:3.2.3:run (default-cli) @ quant-platform ---
[INFO] Attaching agents: []

  .   ____          _            __ _ _
 /\\ / ___'_ __ _ _(_)_ __  __ _ \ \ \ \
( ( )\___ | '_ | '_| | '_ \/ _` | \ \ \ \
 \\/  ___)| |_)| | | | | || (_| |  ) ) ) )
  '  |____| .__|_| |_|_| |_\__, | / / / /
 =========|_|==============|___/=/_/_/_/
 :: Spring Boot ::                (v3.2.3)

2026-05-11 17:21:10.502 [background-preinit] INFO  o.h.validator.internal.util.Version - HV000001: Hibernate Validator 8.0.1.Final
2026-05-11 17:21:10.601 [main] INFO  c.q.p.QuantPlatformApplication - Starting QuantPlatformApplication using Java 21.0.7 with PID 11340 (C:\Users\warning5\WorkBuddy\Claw\quant-platform\backend\target\classes started by warning5 in C:\Users\warning5\WorkBuddy\Claw\quant-platform\backend)
2026-05-11 17:21:10.603 [main] INFO  c.q.p.QuantPlatformApplication - No active profile set, falling back to 1 default profile: "default"
2026-05-11 17:21:15.243 [main] INFO  o.s.b.w.e.tomcat.TomcatWebServer - Tomcat initialized with port 53761 (http)
2026-05-11 17:21:15.261 [main] INFO  o.a.coyote.http11.Http11NioProtocol - Initializing ProtocolHandler ["http-nio-53761"]
2026-05-11 17:21:15.265 [main] INFO  o.a.catalina.core.StandardService - Starting service [Tomcat]
2026-05-11 17:21:15.265 [main] INFO  o.a.catalina.core.StandardEngine - Starting Servlet engine: [Apache Tomcat/10.1.19]
2026-05-11 17:21:15.489 [main] INFO  o.a.c.c.C.[.[localhost].[/api] - Initializing Spring embedded WebApplicationContext
2026-05-11 17:21:15.489 [main] INFO  o.s.b.w.s.c.ServletWebServerApplicationContext - Root WebApplicationContext: initialization completed in 4530 ms
 _ _   |_  _ _|_. ___ _ |    _ 
| | |\/|_)(_| | |_\  |_)||_|_\ 
     /               |         
                        3.5.5 
2026-05-11 17:21:16.343 [main] INFO  c.q.p.m.service.MarketDataService - [MarketDataService] 加载 code -> market 映射...
2026-05-11 17:21:16.429 [main] INFO  com.zaxxer.hikari.HikariDataSource - HikariPool-1 - Starting...
2026-05-11 17:21:17.107 [main] INFO  com.zaxxer.hikari.pool.HikariPool - HikariPool-1 - Added connection com.mysql.cj.jdbc.ConnectionImpl@52433946
2026-05-11 17:21:17.109 [main] INFO  com.zaxxer.hikari.HikariDataSource - HikariPool-1 - Start completed.
2026-05-11 17:21:17.594 [main] INFO  c.q.p.m.service.MarketDataService - [MarketDataService] 已加载 5490 只股票的 market 映射
2026-05-11 17:21:17.595 [main] INFO  c.q.p.m.service.MarketDataService - [MarketDataService] 已加载 5490 只股票的最新市值
2026-05-11 17:21:18.293 [main] INFO  c.q.p.dataupdate.DataUpdateService - [DataUpdate] 脚本目录: C:\Users\warning5\WorkBuddy\Claw\quant-platform\scripts
2026-05-11 17:21:18.293 [main] INFO  c.q.p.dataupdate.DataUpdateService - [DataUpdate]   update_stock_data.py : OK
2026-05-11 17:21:18.293 [main] INFO  c.q.p.dataupdate.DataUpdateService - [DataUpdate]   update_stock_daily_baostock.py : OK
2026-05-11 17:21:18.293 [main] INFO  c.q.p.dataupdate.DataUpdateService - [DataUpdate]   update_bj_stock_daily_qq.py : OK
2026-05-11 17:21:18.376 [main] INFO  c.q.p.dataupdate.DataUpdateService - [DataUpdate]   update_index_daily_baostock.py : OK
2026-05-11 17:21:18.376 [main] INFO  c.q.p.dataupdate.DataUpdateService - [DataUpdate]   update_dividend_baostock.py : OK
2026-05-11 17:21:18.376 [main] INFO  c.q.p.dataupdate.DataUpdateService - [DataUpdate]   update_research_report.py : OK
2026-05-11 17:21:19.060 [main] INFO  c.q.p.f.engine.FactorComputeEngine - Registered 36 financial factor calculators
2026-05-11 17:21:19.730 [main] INFO  c.q.p.s.service.ScreenPresetService - Built-in screen presets initialized
2026-05-11 17:21:20.768 [main] INFO  o.s.b.a.w.s.WelcomePageHandlerMapping - Adding welcome page: class path resource [static/index.html]
2026-05-11 17:21:21.393 [main] INFO  o.a.coyote.http11.Http11NioProtocol - Starting ProtocolHandler ["http-nio-53761"]
2026-05-11 17:21:21.443 [main] WARN  o.s.b.w.s.c.AnnotationConfigServletWebServerApplicationContext - Exception encountered during context initialization - cancelling refresh attempt: org.springframework.context.ApplicationContextException: Failed to start bean 'webServerStartStop'
2026-05-11 17:21:21.451 [main] INFO  com.zaxxer.hikari.HikariDataSource - HikariPool-1 - Shutdown initiated...
2026-05-11 17:21:21.459 [main] INFO  com.zaxxer.hikari.HikariDataSource - HikariPool-1 - Shutdown completed.
2026-05-11 17:21:21.471 [main] INFO  o.s.b.a.l.ConditionEvaluationReportLogger - 

Error starting ApplicationContext. To display the condition evaluation report re-run your application with 'debug' enabled.
2026-05-11 17:21:21.501 [main] ERROR o.s.b.d.LoggingFailureAnalysisReporter - 

***************************
APPLICATION FAILED TO START
***************************

Description:

Web server failed to start. Port 53761 was already in use.

Action:

Identify and stop the process that's listening on port 53761 or configure this application to listen on another port.

[INFO] ------------------------------------------------------------------------
[INFO] BUILD FAILURE
[INFO] ------------------------------------------------------------------------
[INFO] Total time:  21.975 s
[INFO] Finished at: 2026-05-11T17:21:21+08:00
[INFO] ------------------------------------------------------------------------
[ERROR] Failed to execute goal org.springframework.boot:spring-boot-maven-plugin:3.2.3:run (default-cli) on project quant-platform: Process terminated with exit code: 1 -> [Help 1]
[ERROR] 
[ERROR] To see the full stack trace of the errors, re-run Maven with the -e switch.
[ERROR] Re-run Maven using the -X switch to enable full debug logging.
[ERROR] 
[ERROR] For more information about the errors and possible solutions, please read the following articles:
[ERROR] [Help 1] http://cwiki.apache.org/confluence/display/MAVEN/MojoExecutionException
