
  .   ____          _            __ _ _
 /\\ / ___'_ __ _ _(_)_ __  __ _ \ \ \ \
( ( )\___ | '_ | '_| | '_ \/ _` | \ \ \ \
 \\/  ___)| |_)| | | | | || (_| |  ) ) ) )
  '  |____| .__|_| |_|_| |_\__, | / / / /
 =========|_|==============|___/=/_/_/_/
 :: Spring Boot ::                (v3.2.3)

2026-05-04 21:51:30.888 [background-preinit] INFO  o.h.validator.internal.util.Version - HV000001: Hibernate Validator 8.0.1.Final
2026-05-04 21:51:30.982 [main] INFO  c.q.p.QuantPlatformApplication - Starting QuantPlatformApplication v1.0.0 using Java 21.0.7 with PID 47252 (C:\Users\warning5\WorkBuddy\Claw\quant-platform\backend\target\quant-platform-1.0.0.jar started by warning5 in C:\Users\warning5\WorkBuddy\Claw\quant-platform\backend)
2026-05-04 21:51:30.982 [main] INFO  c.q.p.QuantPlatformApplication - No active profile set, falling back to 1 default profile: "default"
2026-05-04 21:51:33.202 [main] INFO  o.s.b.w.e.tomcat.TomcatWebServer - Tomcat initialized with port 8080 (http)
2026-05-04 21:51:33.212 [main] INFO  o.a.coyote.http11.Http11NioProtocol - Initializing ProtocolHandler ["http-nio-8080"]
2026-05-04 21:51:33.212 [main] INFO  o.a.catalina.core.StandardService - Starting service [Tomcat]
2026-05-04 21:51:33.212 [main] INFO  o.a.catalina.core.StandardEngine - Starting Servlet engine: [Apache Tomcat/10.1.19]
2026-05-04 21:51:33.266 [main] INFO  o.a.c.c.C.[.[localhost].[/api] - Initializing Spring embedded WebApplicationContext
2026-05-04 21:51:33.266 [main] INFO  o.s.b.w.s.c.ServletWebServerApplicationContext - Root WebApplicationContext: initialization completed in 1809 ms
 _ _   |_  _ _|_. ___ _ |    _ 
| | |\/|_)(_| | |_\  |_)||_|_\ 
     /               |         
                        3.5.5 
2026-05-04 21:51:34.110 [main] INFO  c.q.p.m.service.MarketDataService - [MarketDataService] 加载 code -> market 映射...
2026-05-04 21:51:34.197 [main] INFO  com.zaxxer.hikari.HikariDataSource - HikariPool-1 - Starting...
2026-05-04 21:51:34.480 [main] INFO  com.zaxxer.hikari.pool.HikariPool - HikariPool-1 - Added connection com.mysql.cj.jdbc.ConnectionImpl@28519bfb
2026-05-04 21:51:34.485 [main] INFO  com.zaxxer.hikari.HikariDataSource - HikariPool-1 - Start completed.
2026-05-04 21:51:34.656 [main] INFO  c.q.p.m.service.MarketDataService - [MarketDataService] 已加载 5490 只股票的 market 映射
2026-05-04 21:51:34.663 [main] INFO  c.q.p.m.service.MarketDataService - [MarketDataService] 已加载 5490 只股票的最新市值
2026-05-04 21:51:35.073 [main] ERROR c.q.p.dataupdate.DataUpdateService - [DataUpdate] 脚本目录不存在: C:\Users\warning5\WorkBuddy\Claw\quant-platform\backend\scripts (也尝试过 C:\Users\warning5\WorkBuddy\Claw\update_data)
2026-05-04 21:51:35.073 [main] ERROR c.q.p.dataupdate.DataUpdateService - [DataUpdate] 请在 application.yml 中设置 quant.data-update.script-dir 为绝对路径
2026-05-04 21:51:35.273 [main] INFO  c.q.p.f.engine.FactorComputeEngine - Registered 36 financial factor calculators
2026-05-04 21:51:35.498 [main] INFO  c.q.p.s.service.ScreenPresetService - Built-in screen presets initialized
2026-05-04 21:51:36.216 [main] INFO  o.s.b.a.w.s.WelcomePageHandlerMapping - Adding welcome page: class path resource [static/index.html]
2026-05-04 21:51:36.851 [main] INFO  o.a.coyote.http11.Http11NioProtocol - Starting ProtocolHandler ["http-nio-8080"]
2026-05-04 21:51:36.871 [main] INFO  o.s.b.w.e.tomcat.TomcatWebServer - Tomcat started on port 8080 (http) with context path '/api'
2026-05-04 21:51:36.875 [main] INFO  o.s.m.s.b.SimpleBrokerMessageHandler - Starting...
2026-05-04 21:51:36.875 [main] INFO  o.s.m.s.b.SimpleBrokerMessageHandler - BrokerAvailabilityEvent[available=true, SimpleBrokerMessageHandler [org.springframework.messaging.simp.broker.DefaultSubscriptionRegistry@126d0868]]
2026-05-04 21:51:36.875 [main] INFO  o.s.m.s.b.SimpleBrokerMessageHandler - Started.
2026-05-04 21:51:36.884 [main] INFO  c.q.p.QuantPlatformApplication - Started QuantPlatformApplication in 6.607 seconds (process running for 7.234)
2026-05-04 21:51:36.967 [main] INFO  c.q.p.factor.service.FactorService - Builtin factors initialized
2026-05-04 21:51:36.970 [main] INFO  c.q.p.s.s.StrategyDataInitializer - Checking strategy data initialization...
2026-05-04 21:51:36.970 [main] INFO  c.q.p.s.s.StrategyDataInitializer - Strategy data already exists (6 strategies), skipping initialization
2026-05-04 21:51:36.977 [main] INFO  c.q.p.s.service.StrategyService - Demo strategies already initialized, skipping
2026-05-04 21:51:59.429 [http-nio-8080-exec-1] INFO  o.a.c.c.C.[.[localhost].[/api] - Initializing Spring DispatcherServlet 'dispatcherServlet'
2026-05-04 21:51:59.429 [http-nio-8080-exec-1] INFO  o.s.web.servlet.DispatcherServlet - Initializing Servlet 'dispatcherServlet'
2026-05-04 21:51:59.429 [http-nio-8080-exec-1] INFO  o.s.web.servlet.DispatcherServlet - Completed initialization in 0 ms
2026-05-04 21:51:59.464 [http-nio-8080-exec-1] INFO  c.q.p.s.a.service.AnalysisService - 获取研报分析: code=600519
2026-05-04 21:52:36.863 [MessageBroker-1] INFO  o.s.w.s.c.WebSocketMessageBrokerStats - WebSocketSession[0 current WS(0)-HttpStream(0)-HttpPoll(0), 0 total, 0 closed abnormally (0 connect failure, 0 send limit, 0 transport error)], stompSubProtocol[processed CONNECT(0)-CONNECTED(0)-DISCONNECT(0)], stompBrokerRelay[null], inboundChannel[pool size = 0, active threads = 0, queued tasks = 0, completed tasks = 0], outboundChannel[pool size = 0, active threads = 0, queued tasks = 0, completed tasks = 0], sockJsScheduler[pool size = 1, active threads = 1, queued tasks = 0, completed tasks = 0]
2026-05-04 21:54:54.014 [http-nio-8080-exec-3] INFO  c.q.p.s.a.service.AnalysisService - 获取研报分析: code=600519
2026-05-04 21:57:16.853 [http-nio-8080-exec-2] INFO  c.q.p.s.a.service.AnalysisService - 开始分析个股: code=600519
2026-05-04 21:57:17.875 [http-nio-8080-exec-2] INFO  c.q.p.s.a.service.AnalysisService - 个股分析完成: code=600519, totalScore=56, action=HOLD
2026-05-04 21:57:17.944 [http-nio-8080-exec-5] INFO  c.q.p.s.a.service.AnalysisService - 获取研报分析: code=600519
2026-05-04 22:01:40.314 [http-nio-8080-exec-6] INFO  c.q.p.s.a.service.AnalysisService - 开始分析个股: code=600519
2026-05-04 22:01:40.848 [http-nio-8080-exec-6] INFO  c.q.p.s.a.service.AnalysisService - 个股分析完成: code=600519, totalScore=56, action=HOLD
2026-05-04 22:01:42.634 [http-nio-8080-exec-7] INFO  c.q.p.s.a.service.AnalysisService - 获取研报分析: code=600519
2026-05-04 22:02:48.360 [http-nio-8080-exec-8] INFO  c.q.p.s.a.service.AnalysisService - 开始分析个股: code=600519
2026-05-04 22:02:48.992 [http-nio-8080-exec-8] INFO  c.q.p.s.a.service.AnalysisService - 个股分析完成: code=600519, totalScore=56, action=HOLD
2026-05-04 22:02:49.352 [http-nio-8080-exec-10] INFO  c.q.p.s.a.service.AnalysisService - 获取研报分析: code=600519
2026-05-04 22:03:37.193 [http-nio-8080-exec-9] INFO  c.q.p.s.a.service.AnalysisService - 开始分析个股: code=600519
2026-05-04 22:03:37.788 [http-nio-8080-exec-9] INFO  c.q.p.s.a.service.AnalysisService - 个股分析完成: code=600519, totalScore=56, action=HOLD
2026-05-04 22:03:39.664 [http-nio-8080-exec-1] INFO  c.q.p.s.a.service.AnalysisService - 获取研报分析: code=600519
2026-05-04 22:05:45.708 [http-nio-8080-exec-3] INFO  c.q.p.s.a.service.AnalysisService - 开始分析个股: code=600519
2026-05-04 22:05:46.330 [http-nio-8080-exec-3] INFO  c.q.p.s.a.service.AnalysisService - 个股分析完成: code=600519, totalScore=56, action=HOLD
2026-05-04 22:05:46.509 [http-nio-8080-exec-4] INFO  c.q.p.s.a.service.AnalysisService - 获取研报分析: code=600519
2026-05-04 22:06:17.924 [http-nio-8080-exec-2] INFO  c.q.p.s.a.service.AnalysisService - 获取研报分析: code=600519
2026-05-04 22:06:46.189 [http-nio-8080-exec-6] INFO  c.q.p.s.a.service.AnalysisService - 开始分析个股: code=600519
2026-05-04 22:06:46.824 [http-nio-8080-exec-6] INFO  c.q.p.s.a.service.AnalysisService - 个股分析完成: code=600519, totalScore=56, action=HOLD
2026-05-04 22:06:48.547 [http-nio-8080-exec-7] INFO  c.q.p.s.a.service.AnalysisService - 获取研报分析: code=600519
2026-05-04 22:11:35.460 [http-nio-8080-exec-8] INFO  c.q.p.s.a.service.AnalysisService - 获取研报分析: code=600519
2026-05-04 22:11:55.226 [http-nio-8080-exec-9] INFO  c.q.p.s.a.service.AnalysisService - 开始分析个股: code=600519
2026-05-04 22:11:55.758 [http-nio-8080-exec-9] INFO  c.q.p.s.a.service.AnalysisService - 个股分析完成: code=600519, totalScore=56, action=HOLD
2026-05-04 22:11:57.894 [http-nio-8080-exec-1] INFO  c.q.p.s.a.service.AnalysisService - 获取研报分析: code=600519
2026-05-04 22:12:15.985 [http-nio-8080-exec-3] INFO  c.q.p.s.a.service.AnalysisService - 开始分析个股: code=600519
2026-05-04 22:12:16.417 [http-nio-8080-exec-3] INFO  c.q.p.s.a.service.AnalysisService - 个股分析完成: code=600519, totalScore=56, action=HOLD
2026-05-04 22:12:16.704 [http-nio-8080-exec-4] INFO  c.q.p.s.a.service.AnalysisService - 获取研报分析: code=600519
2026-05-04 22:12:22.840 [http-nio-8080-exec-2] INFO  c.q.p.s.a.service.AnalysisService - 获取研报分析: code=600519
2026-05-04 22:12:39.751 [http-nio-8080-exec-6] INFO  c.q.p.s.a.service.AnalysisService - 开始分析个股: code=600519
2026-05-04 22:12:40.252 [http-nio-8080-exec-6] INFO  c.q.p.s.a.service.AnalysisService - 个股分析完成: code=600519, totalScore=56, action=HOLD
2026-05-04 22:12:41.422 [http-nio-8080-exec-7] INFO  c.q.p.s.a.service.AnalysisService - 获取研报分析: code=600519
2026-05-04 22:15:02.408 [http-nio-8080-exec-8] INFO  c.q.p.s.a.service.AnalysisService - 开始分析个股: code=600519
2026-05-04 22:15:03.033 [http-nio-8080-exec-8] INFO  c.q.p.s.a.service.AnalysisService - 个股分析完成: code=600519, totalScore=56, action=HOLD
2026-05-04 22:15:03.594 [http-nio-8080-exec-10] INFO  c.q.p.s.a.service.AnalysisService - 获取研报分析: code=600519
2026-05-04 22:15:46.970 [http-nio-8080-exec-9] INFO  c.q.p.s.a.service.AnalysisService - 开始分析个股: code=600519
2026-05-04 22:15:47.555 [http-nio-8080-exec-9] INFO  c.q.p.s.a.service.AnalysisService - 个股分析完成: code=600519, totalScore=56, action=HOLD
2026-05-04 22:15:47.630 [http-nio-8080-exec-1] INFO  c.q.p.s.a.service.AnalysisService - 获取研报分析: code=600519
2026-05-04 22:18:34.685 [http-nio-8080-exec-3] INFO  c.q.p.s.a.service.AnalysisService - 开始分析个股: code=海立
2026-05-04 22:18:34.779 [http-nio-8080-exec-3] WARN  c.q.p.s.a.mapper.AnalysisChMapper - 查询最新日线失败: code=海立, error=Incorrect result size: expected 1, actual 0
2026-05-04 22:18:35.182 [http-nio-8080-exec-3] WARN  c.q.p.s.a.mapper.AnalysisChMapper - 查询20日涨跌幅失败: code=海立, error=Incorrect result size: expected 1, actual 0
2026-05-04 22:18:35.192 [http-nio-8080-exec-3] INFO  c.q.p.s.a.service.AnalysisService - 个股分析完成: code=海立, totalScore=8, action=CLEAR
2026-05-04 22:18:35.207 [http-nio-8080-exec-4] INFO  c.q.p.s.a.service.AnalysisService - 获取研报分析: code=海立
2026-05-04 22:18:45.587 [http-nio-8080-exec-2] INFO  c.q.p.s.a.service.AnalysisService - 开始分析个股: code=海立股份
2026-05-04 22:18:45.678 [http-nio-8080-exec-2] WARN  c.q.p.s.a.mapper.AnalysisChMapper - 查询最新日线失败: code=海立股份, error=Incorrect result size: expected 1, actual 0
2026-05-04 22:18:46.112 [http-nio-8080-exec-2] WARN  c.q.p.s.a.mapper.AnalysisChMapper - 查询20日涨跌幅失败: code=海立股份, error=Incorrect result size: expected 1, actual 0
2026-05-04 22:18:46.120 [http-nio-8080-exec-2] INFO  c.q.p.s.a.service.AnalysisService - 个股分析完成: code=海立股份, totalScore=8, action=CLEAR
2026-05-04 22:18:46.138 [http-nio-8080-exec-5] INFO  c.q.p.s.a.service.AnalysisService - 获取研报分析: code=海立股份
2026-05-04 22:18:48.067 [http-nio-8080-exec-6] INFO  c.q.p.s.a.service.AnalysisService - 开始分析个股: code=海立股份
2026-05-04 22:18:48.161 [http-nio-8080-exec-6] WARN  c.q.p.s.a.mapper.AnalysisChMapper - 查询最新日线失败: code=海立股份, error=Incorrect result size: expected 1, actual 0
2026-05-04 22:18:48.543 [http-nio-8080-exec-6] WARN  c.q.p.s.a.mapper.AnalysisChMapper - 查询20日涨跌幅失败: code=海立股份, error=Incorrect result size: expected 1, actual 0
2026-05-04 22:18:48.551 [http-nio-8080-exec-6] INFO  c.q.p.s.a.service.AnalysisService - 个股分析完成: code=海立股份, totalScore=8, action=CLEAR
2026-05-04 22:18:48.574 [http-nio-8080-exec-7] INFO  c.q.p.s.a.service.AnalysisService - 获取研报分析: code=海立股份
2026-05-04 22:19:00.389 [http-nio-8080-exec-8] INFO  c.q.p.s.a.service.AnalysisService - 开始分析个股: code=600619
2026-05-04 22:19:01.002 [http-nio-8080-exec-8] INFO  c.q.p.s.a.service.AnalysisService - 个股分析完成: code=600619, totalScore=49, action=HOLD
2026-05-04 22:19:01.021 [http-nio-8080-exec-10] INFO  c.q.p.s.a.service.AnalysisService - 获取研报分析: code=600619
2026-05-04 22:22:36.869 [MessageBroker-1] INFO  o.s.w.s.c.WebSocketMessageBrokerStats - WebSocketSession[0 current WS(0)-HttpStream(0)-HttpPoll(0), 0 total, 0 closed abnormally (0 connect failure, 0 send limit, 0 transport error)], stompSubProtocol[processed CONNECT(0)-CONNECTED(0)-DISCONNECT(0)], stompBrokerRelay[null], inboundChannel[pool size = 0, active threads = 0, queued tasks = 0, completed tasks = 0], outboundChannel[pool size = 0, active threads = 0, queued tasks = 0, completed tasks = 0], sockJsScheduler[pool size = 2, active threads = 1, queued tasks = 0, completed tasks = 1]
2026-05-04 22:27:34.459 [http-nio-8080-exec-9] INFO  c.q.p.s.a.service.AnalysisService - 开始分析个股: code=600619
2026-05-04 22:27:35.044 [http-nio-8080-exec-9] INFO  c.q.p.s.a.service.AnalysisService - 个股分析完成: code=600619, totalScore=49, action=HOLD
2026-05-04 22:27:37.007 [http-nio-8080-exec-1] INFO  c.q.p.s.a.service.AnalysisService - 获取研报分析: code=600619
2026-05-04 22:28:20.125 [http-nio-8080-exec-3] INFO  c.q.p.s.a.service.AnalysisService - 开始分析个股: code=600619
2026-05-04 22:28:20.659 [http-nio-8080-exec-3] INFO  c.q.p.s.a.service.AnalysisService - 个股分析完成: code=600619, totalScore=49, action=HOLD
2026-05-04 22:28:22.363 [http-nio-8080-exec-4] INFO  c.q.p.s.a.service.AnalysisService - 获取研报分析: code=600619
