
  .   ____          _            __ _ _
 /\\ / ___'_ __ _ _(_)_ __  __ _ \ \ \ \
( ( )\___ | '_ | '_| | '_ \/ _` | \ \ \ \
 \\/  ___)| |_)| | | | | || (_| |  ) ) ) )
  '  |____| .__|_| |_|_| |_\__, | / / / /
 =========|_|==============|___/=/_/_/_/
 :: Spring Boot ::                (v3.2.3)

2026-07-04T22:23:20.121+08:00  INFO 243212 --- [           main] com.quant.platform.mp.MpApplication      : Starting MpApplication v1.0.0 using Java 21.0.7 with PID 243212 (C:\Users\warning5\WorkBuddy\quant-platform\backend-mp\target\backend-mp-1.0.0.jar started by warning5 in C:\Users\warning5\WorkBuddy\quant-platform)
2026-07-04T22:23:20.123+08:00  INFO 243212 --- [           main] com.quant.platform.mp.MpApplication      : The following 1 profile is active: "dev"
2026-07-04T22:23:21.149+08:00  INFO 243212 --- [           main] o.s.b.w.embedded.tomcat.TomcatWebServer  : Tomcat initialized with port 57048 (http)
2026-07-04T22:23:21.157+08:00  INFO 243212 --- [           main] o.apache.catalina.core.StandardService   : Starting service [Tomcat]
2026-07-04T22:23:21.157+08:00  INFO 243212 --- [           main] o.apache.catalina.core.StandardEngine    : Starting Servlet engine: [Apache Tomcat/10.1.19]
2026-07-04T22:23:21.189+08:00  INFO 243212 --- [           main] o.a.c.c.C.[Tomcat].[localhost].[/api]    : Initializing Spring embedded WebApplicationContext
2026-07-04T22:23:21.189+08:00  INFO 243212 --- [           main] w.s.c.ServletWebServerApplicationContext : Root WebApplicationContext: initialization completed in 993 ms
2026-07-04T22:23:21.564+08:00  WARN 243212 --- [           main] ConfigServletWebServerApplicationContext : Exception encountered during context initialization - cancelling refresh attempt: org.springframework.context.ApplicationContextException: Failed to start bean 'webServerStartStop'
2026-07-04T22:23:21.583+08:00  INFO 243212 --- [           main] .s.b.a.l.ConditionEvaluationReportLogger : 

Error starting ApplicationContext. To display the condition evaluation report re-run your application with 'debug' enabled.
2026-07-04T22:23:21.615+08:00 ERROR 243212 --- [           main] o.s.b.d.LoggingFailureAnalysisReporter   : 

***************************
APPLICATION FAILED TO START
***************************

Description:

Web server failed to start. Port 57048 was already in use.

Action:

Identify and stop the process that's listening on port 57048 or configure this application to listen on another port.

